[0814/065838.448:INFO:CONSOLE(0)] "Error with Permissions-Policy header: Feature xr-spatial-tracking's parameters are ignored.", source:  (0)
[0814/065838.448:INFO:CONSOLE(0)] "Error with Permissions-Policy header: Origin trial controlled feature not enabled: 'attribution-reporting'.", source:  (0)
[0814/065838.448:INFO:CONSOLE(0)] "Error with Permissions-Policy header: Unrecognized feature: 'compute-pressure'.", source:  (0)
[0814/065838.448:INFO:CONSOLE(0)] "Error with Permissions-Policy header: Origin trial controlled feature not enabled: 'interest-cohort'.", source:  (0)
[0814/065838.448:INFO:CONSOLE(0)] "Error with Permissions-Policy header: Unrecognized feature: 'private-state-token-issuance'.", source:  (0)
[0814/065838.450:INFO:CONSOLE(0)] "Error with Permissions-Policy header: Origin trial controlled feature not enabled: 'shared-storage'.", source:  (0)
[0814/065838.450:INFO:CONSOLE(0)] "Error with Permissions-Policy header: Unrecognized feature: 'shared-storage-select-url'.", source:  (0)
[0814/065838.450:INFO:CONSOLE(0)] "Error with Permissions-Policy header: Unrecognized feature: 'private-state-token-redemption'.", source:  (0)
[0814/065838.450:INFO:CONSOLE(0)] "Error with Permissions-Policy header: Unrecognized feature: 'unload'.", source:  (0)
[0814/065838.450:INFO:CONSOLE(0)] "Error with Permissions-Policy header: Unrecognized feature: 'window-management'.", source:  (0)
[0814/065838.450:INFO:CONSOLE(0)] "Document-Policy HTTP header: Unrecognized document policy feature name include-js-call-stacks-in-crash-reports.", source: https://web.whatsapp.com/ (0)
[0814/065841.407:INFO:CONSOLE(114)] "Event handler of 'x-storagemutated-1' event must be added on the initial evaluation of worker script.", source: https://static.whatsapp.net/rsrc.php/v4/yG/r/v7zqgPA5Tvb.js (114)
[0814/070122.992:INFO:CONSOLE(4)] "Uncaught (in promise) Error: window is not defined", source: https://web.whatsapp.com/ (4)
[0814/070124.312:INFO:CONSOLE(114)] "Event handler of 'x-storagemutated-1' event must be added on the initial evaluation of worker script.", source: https://static.whatsapp.net/rsrc.php/v4/yG/r/v7zqgPA5Tvb.js (114)
[0814/070213.293:INFO:CONSOLE(114)] "Event handler of 'x-storagemutated-1' event must be added on the initial evaluation of worker script.", source: https://static.whatsapp.net/rsrc.php/v4/yG/r/v7zqgPA5Tvb.js (114)
[0814/070340.671:INFO:CONSOLE(114)] "Event handler of 'x-storagemutated-1' event must be added on the initial evaluation of worker script.", source: https://static.whatsapp.net/rsrc.php/v4/yG/r/v7zqgPA5Tvb.js (114)
[0814/070453.975:INFO:CONSOLE(4)] "Uncaught (in promise) Error: window is not defined", source: https://web.whatsapp.com/ (4)
[0814/070544.317:INFO:CONSOLE(114)] "Event handler of 'x-storagemutated-1' event must be added on the initial evaluation of worker script.", source: https://static.whatsapp.net/rsrc.php/v4/yG/r/v7zqgPA5Tvb.js (114)
[0814/070825.133:INFO:CONSOLE(4)] "Uncaught (in promise) Error: window is not defined", source: https://web.whatsapp.com/ (4)
[0814/070915.494:INFO:CONSOLE(114)] "Event handler of 'x-storagemutated-1' event must be added on the initial evaluation of worker script.", source: https://static.whatsapp.net/rsrc.php/v4/yG/r/v7zqgPA5Tvb.js (114)
[0814/070953.052:ERROR:cache_util_win.cc(20)] Unable to move the cache: Eriþim engellendi. (0x5)
[0814/070953.052:ERROR:cache_util_win.cc(20)] Unable to move the cache: Eriþim engellendi. (0x5)
[0814/070953.053:ERROR:disk_cache.cc(205)] Unable to create cache
[0814/070953.053:ERROR:gpu_disk_cache.cc(673)] Gpu Cache Creation failed: -2
[0814/070953.053:ERROR:disk_cache.cc(205)] Unable to create cache
[0814/070953.053:ERROR:gpu_disk_cache.cc(673)] Gpu Cache Creation failed: -2
[0814/070955.059:ERROR:cache_util_win.cc(20)] Unable to move the cache: Eriþim engellendi. (0x5)
[0814/070955.059:ERROR:disk_cache.cc(205)] Unable to create cache
[0814/070955.620:INFO:CONSOLE(0)] "Error with Permissions-Policy header: Feature xr-spatial-tracking's parameters are ignored.", source:  (0)
[0814/070955.620:INFO:CONSOLE(0)] "Error with Permissions-Policy header: Origin trial controlled feature not enabled: 'attribution-reporting'.", source:  (0)
[0814/070955.620:INFO:CONSOLE(0)] "Error with Permissions-Policy header: Unrecognized feature: 'compute-pressure'.", source:  (0)
[0814/070955.620:INFO:CONSOLE(0)] "Error with Permissions-Policy header: Origin trial controlled feature not enabled: 'interest-cohort'.", source:  (0)
[0814/070955.620:INFO:CONSOLE(0)] "Error with Permissions-Policy header: Unrecognized feature: 'private-state-token-issuance'.", source:  (0)
[0814/070955.620:INFO:CONSOLE(0)] "Error with Permissions-Policy header: Origin trial controlled feature not enabled: 'shared-storage'.", source:  (0)
[0814/070955.620:INFO:CONSOLE(0)] "Error with Permissions-Policy header: Unrecognized feature: 'shared-storage-select-url'.", source:  (0)
[0814/070955.620:INFO:CONSOLE(0)] "Error with Permissions-Policy header: Unrecognized feature: 'private-state-token-redemption'.", source:  (0)
[0814/070955.620:INFO:CONSOLE(0)] "Error with Permissions-Policy header: Unrecognized feature: 'unload'.", source:  (0)
[0814/070955.620:INFO:CONSOLE(0)] "Error with Permissions-Policy header: Unrecognized feature: 'window-management'.", source:  (0)
[0814/070955.620:INFO:CONSOLE(0)] "Document-Policy HTTP header: Unrecognized document policy feature name include-js-call-stacks-in-crash-reports.", source: https://web.whatsapp.com/ (0)
[0814/070956.065:ERROR:service_worker_storage.cc(1933)] Failed to delete the database: Database IO error
[0814/071001.656:ERROR:quota_database.cc(929)] Could not open the quota database, resetting.
[0814/071006.569:ERROR:quota_database.cc(929)] Could not open the quota database, resetting.
[0814/071009.425:ERROR:quota_database.cc(931)] Failed to reset the quota database.
[0814/071009.425:ERROR:quota_database.cc(931)] Failed to reset the quota database.
[0814/071156.054:INFO:CONSOLE(4)] "Uncaught (in promise) Error: window is not defined", source: https://web.whatsapp.com/ (4)
[0814/071207.614:ERROR:cache_util_win.cc(20)] Unable to move the cache: Eriþim engellendi. (0x5)
[0814/071207.614:ERROR:cache_util_win.cc(20)] Unable to move the cache: Eriþim engellendi. (0x5)
[0814/071207.615:ERROR:disk_cache.cc(205)] Unable to create cache
[0814/071207.615:ERROR:gpu_disk_cache.cc(673)] Gpu Cache Creation failed: -2
[0814/071207.615:ERROR:disk_cache.cc(205)] Unable to create cache
[0814/071207.616:ERROR:gpu_disk_cache.cc(673)] Gpu Cache Creation failed: -2
[0814/071209.636:ERROR:cache_util_win.cc(20)] Unable to move the cache: Eriþim engellendi. (0x5)
[0814/071209.636:ERROR:disk_cache.cc(205)] Unable to create cache
[0814/071210.280:INFO:CONSOLE(0)] "Error with Permissions-Policy header: Feature xr-spatial-tracking's parameters are ignored.", source:  (0)
[0814/071210.280:INFO:CONSOLE(0)] "Error with Permissions-Policy header: Origin trial controlled feature not enabled: 'attribution-reporting'.", source:  (0)
[0814/071210.280:INFO:CONSOLE(0)] "Error with Permissions-Policy header: Unrecognized feature: 'compute-pressure'.", source:  (0)
[0814/071210.280:INFO:CONSOLE(0)] "Error with Permissions-Policy header: Origin trial controlled feature not enabled: 'interest-cohort'.", source:  (0)
[0814/071210.280:INFO:CONSOLE(0)] "Error with Permissions-Policy header: Unrecognized feature: 'private-state-token-issuance'.", source:  (0)
[0814/071210.280:INFO:CONSOLE(0)] "Error with Permissions-Policy header: Origin trial controlled feature not enabled: 'shared-storage'.", source:  (0)
[0814/071210.280:INFO:CONSOLE(0)] "Error with Permissions-Policy header: Unrecognized feature: 'shared-storage-select-url'.", source:  (0)
[0814/071210.280:INFO:CONSOLE(0)] "Error with Permissions-Policy header: Unrecognized feature: 'private-state-token-redemption'.", source:  (0)
[0814/071210.280:INFO:CONSOLE(0)] "Error with Permissions-Policy header: Unrecognized feature: 'unload'.", source:  (0)
[0814/071210.280:INFO:CONSOLE(0)] "Error with Permissions-Policy header: Unrecognized feature: 'window-management'.", source:  (0)
[0814/071210.280:INFO:CONSOLE(0)] "Document-Policy HTTP header: Unrecognized document policy feature name include-js-call-stacks-in-crash-reports.", source: https://web.whatsapp.com/ (0)
[0814/071210.643:ERROR:service_worker_storage.cc(1933)] Failed to delete the database: Database IO error
[0814/071216.008:ERROR:quota_database.cc(929)] Could not open the quota database, resetting.
[0814/071218.577:ERROR:cache_util_win.cc(20)] Unable to move the cache: Eriþim engellendi. (0x5)
[0814/071218.577:ERROR:cache_util_win.cc(20)] Unable to move the cache: Eriþim engellendi. (0x5)
[0814/071218.577:ERROR:disk_cache.cc(205)] Unable to create cache
[0814/071218.577:ERROR:gpu_disk_cache.cc(673)] Gpu Cache Creation failed: -2
[0814/071218.577:ERROR:disk_cache.cc(205)] Unable to create cache
[0814/071218.577:ERROR:gpu_disk_cache.cc(673)] Gpu Cache Creation failed: -2
[0814/071219.888:ERROR:quota_database.cc(929)] Could not open the quota database, resetting.
[0814/071220.607:ERROR:cache_util_win.cc(20)] Unable to move the cache: Eriþim engellendi. (0x5)
[0814/071220.607:ERROR:disk_cache.cc(205)] Unable to create cache
[0814/071220.895:INFO:CONSOLE(0)] "Error with Permissions-Policy header: Feature xr-spatial-tracking's parameters are ignored.", source:  (0)
[0814/071220.895:INFO:CONSOLE(0)] "Error with Permissions-Policy header: Origin trial controlled feature not enabled: 'attribution-reporting'.", source:  (0)
[0814/071220.895:INFO:CONSOLE(0)] "Error with Permissions-Policy header: Unrecognized feature: 'compute-pressure'.", source:  (0)
[0814/071220.895:INFO:CONSOLE(0)] "Error with Permissions-Policy header: Origin trial controlled feature not enabled: 'interest-cohort'.", source:  (0)
[0814/071220.895:INFO:CONSOLE(0)] "Error with Permissions-Policy header: Unrecognized feature: 'private-state-token-issuance'.", source:  (0)
[0814/071220.895:INFO:CONSOLE(0)] "Error with Permissions-Policy header: Origin trial controlled feature not enabled: 'shared-storage'.", source:  (0)
[0814/071220.895:INFO:CONSOLE(0)] "Error with Permissions-Policy header: Unrecognized feature: 'shared-storage-select-url'.", source:  (0)
[0814/071220.895:INFO:CONSOLE(0)] "Error with Permissions-Policy header: Unrecognized feature: 'private-state-token-redemption'.", source:  (0)
[0814/071220.895:INFO:CONSOLE(0)] "Error with Permissions-Policy header: Unrecognized feature: 'unload'.", source:  (0)
[0814/071220.895:INFO:CONSOLE(0)] "Error with Permissions-Policy header: Unrecognized feature: 'window-management'.", source:  (0)
[0814/071220.895:INFO:CONSOLE(0)] "Document-Policy HTTP header: Unrecognized document policy feature name include-js-call-stacks-in-crash-reports.", source: https://web.whatsapp.com/ (0)
[0814/071221.615:ERROR:service_worker_storage.cc(1933)] Failed to delete the database: Database IO error
[0814/071222.651:ERROR:quota_database.cc(931)] Failed to reset the quota database.
[0814/071222.651:ERROR:quota_database.cc(931)] Failed to reset the quota database.
[0814/071227.003:ERROR:quota_database.cc(929)] Could not open the quota database, resetting.
[0814/071231.902:ERROR:quota_database.cc(929)] Could not open the quota database, resetting.
[0814/071234.816:ERROR:quota_database.cc(931)] Failed to reset the quota database.
[0814/071234.816:ERROR:quota_database.cc(931)] Failed to reset the quota database.
[0814/071246.436:INFO:CONSOLE(114)] "Event handler of 'x-storagemutated-1' event must be added on the initial evaluation of worker script.", source: https://static.whatsapp.net/rsrc.php/v4/yG/r/v7zqgPA5Tvb.js (114)
[0814/071309.683:ERROR:cache_util_win.cc(20)] Unable to move the cache: Eriþim engellendi. (0x5)
[0814/071309.683:ERROR:cache_util_win.cc(20)] Unable to move the cache: Eriþim engellendi. (0x5)
[0814/071309.684:ERROR:disk_cache.cc(205)] Unable to create cache
[0814/071309.684:ERROR:gpu_disk_cache.cc(673)] Gpu Cache Creation failed: -2
[0814/071309.684:ERROR:disk_cache.cc(205)] Unable to create cache
[0814/071309.684:ERROR:gpu_disk_cache.cc(673)] Gpu Cache Creation failed: -2
[0814/071311.711:ERROR:cache_util_win.cc(20)] Unable to move the cache: Eriþim engellendi. (0x5)
[0814/071311.711:ERROR:disk_cache.cc(205)] Unable to create cache
[0814/071312.001:INFO:CONSOLE(0)] "Error with Permissions-Policy header: Feature xr-spatial-tracking's parameters are ignored.", source:  (0)
[0814/071312.001:INFO:CONSOLE(0)] "Error with Permissions-Policy header: Origin trial controlled feature not enabled: 'attribution-reporting'.", source:  (0)
[0814/071312.001:INFO:CONSOLE(0)] "Error with Permissions-Policy header: Unrecognized feature: 'compute-pressure'.", source:  (0)
[0814/071312.001:INFO:CONSOLE(0)] "Error with Permissions-Policy header: Origin trial controlled feature not enabled: 'interest-cohort'.", source:  (0)
[0814/071312.001:INFO:CONSOLE(0)] "Error with Permissions-Policy header: Unrecognized feature: 'private-state-token-issuance'.", source:  (0)
[0814/071312.001:INFO:CONSOLE(0)] "Error with Permissions-Policy header: Origin trial controlled feature not enabled: 'shared-storage'.", source:  (0)
[0814/071312.002:INFO:CONSOLE(0)] "Error with Permissions-Policy header: Unrecognized feature: 'shared-storage-select-url'.", source:  (0)
[0814/071312.002:INFO:CONSOLE(0)] "Error with Permissions-Policy header: Unrecognized feature: 'private-state-token-redemption'.", source:  (0)
[0814/071312.002:INFO:CONSOLE(0)] "Error with Permissions-Policy header: Unrecognized feature: 'unload'.", source:  (0)
[0814/071312.002:INFO:CONSOLE(0)] "Error with Permissions-Policy header: Unrecognized feature: 'window-management'.", source:  (0)
[0814/071312.002:INFO:CONSOLE(0)] "Document-Policy HTTP header: Unrecognized document policy feature name include-js-call-stacks-in-crash-reports.", source: https://web.whatsapp.com/ (0)
[0814/071312.716:ERROR:service_worker_storage.cc(1933)] Failed to delete the database: Database IO error
[0814/071317.172:ERROR:quota_database.cc(929)] Could not open the quota database, resetting.
[0814/071321.052:ERROR:quota_database.cc(929)] Could not open the quota database, resetting.
[0814/071323.819:ERROR:quota_database.cc(931)] Failed to reset the quota database.
[0814/071323.819:ERROR:quota_database.cc(931)] Failed to reset the quota database.
[0814/071527.086:INFO:CONSOLE(4)] "Uncaught (in promise) Error: window is not defined", source: https://web.whatsapp.com/ (4)
[0814/071617.435:INFO:CONSOLE(114)] "Event handler of 'x-storagemutated-1' event must be added on the initial evaluation of worker script.", source: https://static.whatsapp.net/rsrc.php/v4/yG/r/v7zqgPA5Tvb.js (114)
[0814/071858.333:INFO:CONSOLE(4)] "Uncaught (in promise) Error: window is not defined", source: https://web.whatsapp.com/ (4)
[0814/071948.669:INFO:CONSOLE(114)] "Event handler of 'x-storagemutated-1' event must be added on the initial evaluation of worker script.", source: https://static.whatsapp.net/rsrc.php/v4/yG/r/v7zqgPA5Tvb.js (114)
[0814/072229.542:INFO:CONSOLE(4)] "Uncaught (in promise) Error: window is not defined", source: https://web.whatsapp.com/ (4)
